\BOOKMARK [0][-]{chapter*.1}{Ringraziamenti}{}% 1
\BOOKMARK [0][-]{chapter*.2}{Abstract}{}% 2
\BOOKMARK [0][-]{chapter.1}{Il\040Problema\040del\040Commesso\040Viaggiatore}{}% 3
\BOOKMARK [1][-]{section.1.1}{Il\040Problema\040del\040commesso\040viaggiatore}{chapter.1}% 4
\BOOKMARK [1][-]{section.1.2}{Formulazione\040del\040problema}{chapter.1}% 5
\BOOKMARK [1][-]{section.1.3}{Metodi\040esatti\040per\040il\040TSP}{chapter.1}% 6
\BOOKMARK [0][-]{chapter.2}{Euristiche\040per\040il\040TSP}{}% 7
\BOOKMARK [1][-]{section.2.1}{Nearest\040Neighbor}{chapter.2}% 8
\BOOKMARK [1][-]{section.2.2}{Euristiche\040basate\040su\040Inserzione}{chapter.2}% 9
\BOOKMARK [2][-]{subsection.2.2.1}{Nearest\040Insertion}{section.2.2}% 10
\BOOKMARK [2][-]{subsection.2.2.2}{Cheapest\040Insertion}{section.2.2}% 11
\BOOKMARK [2][-]{subsection.2.2.3}{Farthest\040Insertion}{section.2.2}% 12
\BOOKMARK [2][-]{subsection.2.2.4}{Furthest\040Insertion}{section.2.2}% 13
\BOOKMARK [2][-]{subsection.2.2.5}{Random\040Insertion}{section.2.2}% 14
\BOOKMARK [1][-]{section.2.3}{Ricerca\040Locale}{chapter.2}% 15
\BOOKMARK [2][-]{subsection.2.3.1}{Node\040Insertion}{section.2.3}% 16
\BOOKMARK [2][-]{subsection.2.3.2}{Edge\040Insertion}{section.2.3}% 17
\BOOKMARK [2][-]{subsection.2.3.3}{Euristica\0402-Opt}{section.2.3}% 18
\BOOKMARK [2][-]{subsection.2.3.4}{Euristica\0403-Opt}{section.2.3}% 19
\BOOKMARK [2][-]{subsection.2.3.5}{Euristica\040Lin-Kernighan}{section.2.3}% 20
\BOOKMARK [0][-]{chapter.3}{Implementazione\040delle\040euristiche}{}% 21
\BOOKMARK [1][-]{section.3.1}{Implementazione\040del\040costruttore\040della\040classe}{chapter.3}% 22
\BOOKMARK [1][-]{section.3.2}{Implementazione\040di\040metodi\040ausiliari\040per\040le\040euristiche}{chapter.3}% 23
\BOOKMARK [1][-]{section.3.3}{Implementazione\040delle\040euristiche}{chapter.3}% 24
\BOOKMARK [2][-]{subsection.3.3.1}{Nearest\040Neighbor}{section.3.3}% 25
\BOOKMARK [2][-]{subsection.3.3.2}{Nearest\040Insertion}{section.3.3}% 26
\BOOKMARK [2][-]{subsection.3.3.3}{Cheapest\040Insertion:\040versione\0401}{section.3.3}% 27
\BOOKMARK [2][-]{subsection.3.3.4}{Cheapest\040Insertion:\040versione\0402}{section.3.3}% 28
\BOOKMARK [2][-]{subsection.3.3.5}{Cheapest\040Insertion\040versione\0402\040Approssimata}{section.3.3}% 29
\BOOKMARK [2][-]{subsection.3.3.6}{Cheapest\040Insertion:\040versione\0403}{section.3.3}% 30
\BOOKMARK [2][-]{subsection.3.3.7}{Cheapest\040Insertion\040versione\0403\040Approssimata}{section.3.3}% 31
\BOOKMARK [2][-]{subsection.3.3.8}{Farthest\040Insertion}{section.3.3}% 32
\BOOKMARK [2][-]{subsection.3.3.9}{Furthest\040Insertion:\040versione\0401}{section.3.3}% 33
\BOOKMARK [2][-]{subsection.3.3.10}{Furthest\040Insertion:\040versione\0402}{section.3.3}% 34
\BOOKMARK [2][-]{subsection.3.3.11}{Furthest\040Insertion\040versione\0402\040Approssimata}{section.3.3}% 35
\BOOKMARK [2][-]{subsection.3.3.12}{Furthest\040Insertion:\040versione\0403}{section.3.3}% 36
\BOOKMARK [2][-]{subsection.3.3.13}{Furthest\040Insertion\040versione\0403\040Approssimata}{section.3.3}% 37
\BOOKMARK [2][-]{subsection.3.3.14}{Random\040Insertion}{section.3.3}% 38
\BOOKMARK [2][-]{subsection.3.3.15}{Random\040Insertion:\040versione\0402}{section.3.3}% 39
\BOOKMARK [2][-]{subsection.3.3.16}{Euristiche\040con\040inizializzazione\040casuale}{section.3.3}% 40
\BOOKMARK [0][-]{chapter.4}{Analisi\040dei\040risultati}{}% 41
\BOOKMARK [1][-]{section.4.1}{Confronto\040versioni\040Cheapest\040Insertion}{chapter.4}% 42
\BOOKMARK [2][-]{subsection.4.1.1}{Dimensione\040ottimale\040degli\040heap\040per\040la\040versione\0403}{section.4.1}% 43
\BOOKMARK [2][-]{subsection.4.1.2}{Analisi\040dei\040tempi\040delle\040versioni\040di\040Cheapest\040Insertion}{section.4.1}% 44
\BOOKMARK [2][-]{subsection.4.1.3}{Analisi\040delle\040qualit\340\040delle\040versioni\040di\040Cheapest\040Insertion}{section.4.1}% 45
\BOOKMARK [1][-]{section.4.2}{Confronto\040versioni\040Furthest\040Insertion}{chapter.4}% 46
\BOOKMARK [2][-]{subsection.4.2.1}{Dimensione\040ottimale\040degli\040heap\040per\040la\040versione\0403\040}{section.4.2}% 47
\BOOKMARK [2][-]{subsection.4.2.2}{Analisi\040dei\040tempi\040delle\040versioni\040di\040Furthest\040Insertion}{section.4.2}% 48
\BOOKMARK [2][-]{subsection.4.2.3}{Analisi\040delle\040qualit\340\040delle\040versioni\040di\040Furthest\040Insertion}{section.4.2}% 49
\BOOKMARK [1][-]{section.4.3}{Confronto\040tempi\040e\040qualit\340\040delle\040euristiche}{chapter.4}% 50
\BOOKMARK [2][-]{subsection.4.3.1}{Analisi\040delle\040qualit\340\040delle\040euristiche}{section.4.3}% 51
\BOOKMARK [2][-]{subsection.4.3.2}{Analisi\040dei\040tempi\040delle\040euristiche}{section.4.3}% 52
\BOOKMARK [1][-]{section.4.4}{Confronto\040tempi\040e\040qualit\340\040delle\040euristiche\040con\040istanze\040enormi}{chapter.4}% 53
\BOOKMARK [2][-]{subsection.4.4.1}{Qualit\340\040delle\040soluzioni\040trovate\040per\040istanze\040grandi}{section.4.4}% 54
\BOOKMARK [2][-]{subsection.4.4.2}{Tempi\040necessari\040per\040la\040risoluzione\040di\040istanze\040grandi}{section.4.4}% 55
\BOOKMARK [1][-]{section.4.5}{Analisi\040robustezza\040rispetto\040alla\040scelta\040delle\040citt\340\040iniziali}{chapter.4}% 56
\BOOKMARK [2][-]{subsection.4.5.1}{Robustezza\040della\040qualit\340\040della\040soluzione\040delle\040implementazioni}{section.4.5}% 57
\BOOKMARK [2][-]{subsection.4.5.2}{Robustezza\040dei\040tempi\040delle\040implementazioni}{section.4.5}% 58
\BOOKMARK [1][-]{section.4.6}{Analisi\040risultati\040medi\040e\040varianza\040di\040Random\040Insertion}{chapter.4}% 59
\BOOKMARK [1][-]{section.4.7}{Analisi\040risultati\040su\040Istanze\040Casuali}{chapter.4}% 60
\BOOKMARK [2][-]{subsection.4.7.1}{Analisi\040media\040delle\040qualit\340\040e\040dei\040tempi}{section.4.7}% 61
\BOOKMARK [2][-]{subsection.4.7.2}{Analisi\040varianza\040delle\040qualit\340\040e\040dei\040tempi}{section.4.7}% 62
\BOOKMARK [0][-]{chapter.5}{Conclusioni}{}% 63
\BOOKMARK [1][-]{subsection.5.0.1}{Possibili\040sviluppi\040e\040estensioni}{chapter.5}% 64
